"GET / HTTP/1.1" 200 163
"GET / HTTP/1.1" 200 163
"GET / HTTP/1.1" 200 163
"GET /admin/ HTTP/1.1" 200 3004
"GET / HTTP/1.1" 200 898
"GET / HTTP/1.1" 200 898
"GET / HTTP/1.1" 200 898
"GET / HTTP/1.1" 200 898
"GET / HTTP/1.1" 200 898
"GET / HTTP/1.1" 200 898
"GET / HTTP/1.1" 200 898
"GET / HTTP/1.1" 200 898
"GET / HTTP/1.1" 200 898
"GET / HTTP/1.1" 200 898
"GET / HTTP/1.1" 200 898
"GET / HTTP/1.1" 200 898
"GET / HTTP/1.1" 200 898
"GET / HTTP/1.1" 200 898
"GET / HTTP/1.1" 200 898
"GET / HTTP/1.1" 200 898
"GET / HTTP/1.1" 200 898
"GET / HTTP/1.1" 200 898
"GET / HTTP/1.1" 200 898
"GET / HTTP/1.1" 200 898
"GET /admin/ HTTP/1.1" 200 3004
"GET /static/admin/css/responsive.css HTTP/1.1" 304 0
"GET /static/admin/css/base.css HTTP/1.1" 304 0
"GET /admin/ HTTP/1.1" 200 3004
"GET / HTTP/1.1" 200 898
"GET / HTTP/1.1" 200 898
"GET / HTTP/1.1" 200 898
"GET / HTTP/1.1" 200 898
"GET / HTTP/1.1" 200 898
"GET / HTTP/1.1" 200 898
"GET / HTTP/1.1" 200 898
"GET / HTTP/1.1" 200 898
"GET / HTTP/1.1" 200 898
"GET / HTTP/1.1" 200 898
"GET / HTTP/1.1" 200 898
"GET / HTTP/1.1" 200 898
"GET / HTTP/1.1" 200 898
"GET / HTTP/1.1" 200 898
"GET / HTTP/1.1" 200 898
"GET / HTTP/1.1" 200 898
"GET / HTTP/1.1" 200 898
"GET / HTTP/1.1" 200 898
"GET / HTTP/1.1" 200 898
"GET / HTTP/1.1" 200 898
"GET / HTTP/1.1" 200 898
"GET / HTTP/1.1" 200 898
"GET / HTTP/1.1" 200 1167
"GET /static/css/blog.css HTTP/1.1" 404 1660
"GET / HTTP/1.1" 200 1167
"GET /static/css/blog.css HTTP/1.1" 404 1660
"GET / HTTP/1.1" 200 1167
"GET /static/css/blog.css HTTP/1.1" 404 1660
"GET / HTTP/1.1" 200 1167
"GET /static/css/blog.css HTTP/1.1" 404 1660
"GET / HTTP/1.1" 200 1167
"GET /static/css/blog.css HTTP/1.1" 404 1660
"GET / HTTP/1.1" 200 1167
"GET /static/css/blog.css HTTP/1.1" 404 1660
"GET / HTTP/1.1" 200 1167
"GET /static/css/blog.css HTTP/1.1" 404 1660
"GET / HTTP/1.1" 200 1167
"GET /static/css/blog.css HTTP/1.1" 404 1660
"GET / HTTP/1.1" 200 1167
"GET /static/css/blog.css HTTP/1.1" 404 1660
"GET / HTTP/1.1" 200 1167
"GET /static/css/blog.css HTTP/1.1" 404 1660
"GET / HTTP/1.1" 200 1167
"GET /static/css/blog.css HTTP/1.1" 404 1660
"GET / HTTP/1.1" 200 1167
"GET /static/css/blog.css HTTP/1.1" 404 1660
"GET / HTTP/1.1" 200 1167
"GET /static/css/blog.css HTTP/1.1" 404 1660
"GET / HTTP/1.1" 200 1167
"GET /static/css/blog.css HTTP/1.1" 404 1660
"GET / HTTP/1.1" 200 1167
"GET /static/css/blog.css HTTP/1.1" 200 30
"GET / HTTP/1.1" 200 1167
"GET / HTTP/1.1" 200 1167
"GET / HTTP/1.1" 200 1167
"GET / HTTP/1.1" 200 1167
"GET / HTTP/1.1" 200 1167
"GET / HTTP/1.1" 200 1167
"GET / HTTP/1.1" 200 1167
"GET / HTTP/1.1" 200 1167
"GET / HTTP/1.1" 200 1167
"GET /static/css/blog.css HTTP/1.1" 304 0
"GET / HTTP/1.1" 200 1167
"GET / HTTP/1.1" 200 1167
"GET / HTTP/1.1" 200 1248
"GET /static/css/blog.css HTTP/1.1" 304 0
"GET / HTTP/1.1" 200 1248
"GET / HTTP/1.1" 200 1248
"GET / HTTP/1.1" 200 1248
"GET /static/css/blog.css HTTP/1.1" 200 27
"GET / HTTP/1.1" 200 1248
"GET /static/css/blog.css HTTP/1.1" 304 0
"GET / HTTP/1.1" 200 1248
"GET /static/css/blog.css HTTP/1.1" 304 0
"GET / HTTP/1.1" 200 1248
"GET /static/css/blog.css HTTP/1.1" 304 0
"GET / HTTP/1.1" 200 1248
"GET / HTTP/1.1" 200 468
"GET /static/css/blog.css HTTP/1.1" 304 0
"GET / HTTP/1.1" 200 468
"GET / HTTP/1.1" 200 468
"GET / HTTP/1.1" 200 468
"GET / HTTP/1.1" 200 468
"GET / HTTP/1.1" 200 468
"GET / HTTP/1.1" 200 468
"GET / HTTP/1.1" 200 468
"GET / HTTP/1.1" 200 468
"GET / HTTP/1.1" 200 468
"GET / HTTP/1.1" 200 468
"GET / HTTP/1.1" 200 468
"GET / HTTP/1.1" 200 468
"GET /static/css/blog.css HTTP/1.1" 304 0
"GET / HTTP/1.1" 200 468
"GET / HTTP/1.1" 200 468
"GET / HTTP/1.1" 200 468
"GET / HTTP/1.1" 200 468
"GET / HTTP/1.1" 200 468
"GET /static/css/blog.css HTTP/1.1" 200 63
"GET / HTTP/1.1" 200 468
"GET /static/css/blog.css HTTP/1.1" 304 0
"GET / HTTP/1.1" 200 468
"GET /static/css/blog.css HTTP/1.1" 304 0
"GET / HTTP/1.1" 200 588
"GET /static/css/blog.css HTTP/1.1" 200 95
"GET / HTTP/1.1" 200 588
"GET /static/css/blog.css HTTP/1.1" 304 0
"GET / HTTP/1.1" 200 786
"GET /static/css/blog.css HTTP/1.1" 200 746
"GET / HTTP/1.1" 200 786
"GET / HTTP/1.1" 200 786
"GET / HTTP/1.1" 200 786
"GET / HTTP/1.1" 200 786
"GET / HTTP/1.1" 200 787
"GET /static/css/blog.css HTTP/1.1" 304 0
"GET / HTTP/1.1" 200 787
"GET / HTTP/1.1" 200 787
"GET / HTTP/1.1" 200 787
"GET / HTTP/1.1" 200 787
"GET / HTTP/1.1" 200 787
"GET / HTTP/1.1" 200 787
"GET / HTTP/1.1" 200 787
"GET / HTTP/1.1" 200 787
"GET / HTTP/1.1" 200 787
"GET / HTTP/1.1" 200 787
"GET / HTTP/1.1" 200 787
"GET /admin/ HTTP/1.1" 200 3004
"GET /admin/ HTTP/1.1" 200 3004
"GET /admin/ HTTP/1.1" 200 3004
"GET /admin/ HTTP/1.1" 200 3004
"GET /admin/ HTTP/1.1" 200 3004
"GET /admin/ HTTP/1.1" 200 3004
"GET /admin/ HTTP/1.1" 200 3004
"GET /admin/ HTTP/1.1" 200 3004
"GET /admin/ HTTP/1.1" 200 3004
"GET /admin/ HTTP/1.1" 200 3004
"GET /admin/ HTTP/1.1" 200 3004
"GET /admin/ HTTP/1.1" 200 3004
"GET /admin/ HTTP/1.1" 200 3004
"GET / HTTP/1.1" 200 787
"GET /static/css/blog.css HTTP/1.1" 304 0
"GET / HTTP/1.1" 200 787
"GET / HTTP/1.1" 200 787
"GET / HTTP/1.1" 200 787
"GET / HTTP/1.1" 200 787
"GET /admin/ HTTP/1.1" 200 3004
"GET /admin/ HTTP/1.1" 200 3004
"GET /admin/ HTTP/1.1" 302 0
"GET /admin/login/?next=/admin/ HTTP/1.1" 200 1887
"GET /blog/static/admin/css/login.css HTTP/1.1" 200 1203
"GET /blog/static/admin/css/base.css HTTP/1.1" 200 16106
"GET /blog/static/admin/css/responsive.css HTTP/1.1" 200 17894
"GET /blog/static/admin/css/fonts.css HTTP/1.1" 200 423
"GET /blog/static/admin/fonts/Roboto-Light-webfont.woff HTTP/1.1" 200 81348
"GET /blog/static/admin/fonts/Roboto-Regular-webfont.woff HTTP/1.1" 200 80304
"GET /admin/login/?next=/admin/ HTTP/1.1" 200 1887
"GET /admin/login/?next=/admin/ HTTP/1.1" 200 1887
"POST /admin/login/?next=/admin/ HTTP/1.1" 302 0
"GET /admin/ HTTP/1.1" 200 3019
"GET /blog/static/admin/css/dashboard.css HTTP/1.1" 200 412
"GET /blog/static/admin/fonts/Roboto-Bold-webfont.woff HTTP/1.1" 200 82564
"GET /blog/static/admin/img/icon-addlink.svg HTTP/1.1" 200 331
"GET /blog/static/admin/img/icon-changelink.svg HTTP/1.1" 200 380
"GET / HTTP/1.1" 200 792
"GET /blog/static/css/blog.css HTTP/1.1" 200 746
"GET /admin/ HTTP/1.1" 200 3019
"GET /admin/auth/ HTTP/1.1" 200 2874
"GET /admin/ HTTP/1.1" 200 3019
"GET /admin/auth/user/add/ HTTP/1.1" 200 5927
"GET /blog/static/admin/css/forms.css HTTP/1.1" 200 8173
"GET /blog/static/admin/js/jquery.init.js HTTP/1.1" 200 363
"GET /admin/jsi18n/ HTTP/1.1" 200 8292
"GET /blog/static/admin/css/widgets.css HTTP/1.1" 200 10340
"GET /blog/static/admin/js/admin/RelatedObjectLookups.js HTTP/1.1" 200 6897
"GET /blog/static/admin/js/core.js HTTP/1.1" 200 7134
"GET /blog/static/admin/js/prepopulate.js HTTP/1.1" 200 1538
"GET /blog/static/admin/js/change_form.js HTTP/1.1" 200 712
"GET /blog/static/admin/js/vendor/jquery/jquery.js HTTP/1.1" 200 258648
"GET /blog/static/admin/js/actions.js HTTP/1.1" 200 6502
"GET /blog/static/admin/js/prepopulate_init.js HTTP/1.1" 200 495
"GET /blog/static/admin/js/urlify.js HTTP/1.1" 200 8729
"GET /blog/static/admin/js/vendor/xregexp/xregexp.js HTTP/1.1" 200 128820
"POST /admin/auth/user/add/ HTTP/1.1" 302 0
"GET /admin/auth/user/2/change/ HTTP/1.1" 200 14299
"GET /admin/jsi18n/ HTTP/1.1" 200 8292
"GET /blog/static/admin/js/SelectBox.js HTTP/1.1" 200 5755
"GET /blog/static/admin/js/SelectFilter2.js HTTP/1.1" 200 12680
"GET /blog/static/admin/js/calendar.js HTTP/1.1" 200 7777
"GET /blog/static/admin/js/admin/DateTimeShortcuts.js HTTP/1.1" 200 20283
"GET /blog/static/admin/img/icon-yes.svg HTTP/1.1" 200 436
"GET /blog/static/admin/img/icon-unknown.svg HTTP/1.1" 200 655
"GET /blog/static/admin/img/search.svg HTTP/1.1" 200 458
"GET /blog/static/admin/img/icon-unknown-alt.svg HTTP/1.1" 200 655
"GET /blog/static/admin/img/selector-icons.svg HTTP/1.1" 200 3291
"GET /blog/static/admin/img/icon-clock.svg HTTP/1.1" 200 677
"GET /blog/static/admin/img/icon-calendar.svg HTTP/1.1" 200 1086
"POST /admin/auth/user/2/change/ HTTP/1.1" 302 0
"GET /admin/auth/user/ HTTP/1.1" 200 7562
"GET /admin/jsi18n/ HTTP/1.1" 200 8292
"GET /blog/static/admin/css/changelists.css HTTP/1.1" 200 6170
"GET /blog/static/admin/img/icon-no.svg HTTP/1.1" 200 560
"GET /blog/static/admin/img/sorting-icons.svg HTTP/1.1" 200 1097
"GET /blog/static/admin/img/tooltag-add.svg HTTP/1.1" 200 331
"GET /admin/ HTTP/1.1" 200 3606
"GET /admin/auth/user/ HTTP/1.1" 200 7371
"GET /admin/jsi18n/ HTTP/1.1" 200 8292
"GET /admin/ HTTP/1.1" 200 3606
"GET /admin/auth/user/2/change/ HTTP/1.1" 200 14150
"GET /admin/jsi18n/ HTTP/1.1" 200 8292
"GET /admin/ HTTP/1.1" 200 3606
"GET /admin/auth/user/ HTTP/1.1" 200 7371
"GET /admin/jsi18n/ HTTP/1.1" 200 8292
"GET /admin/ HTTP/1.1" 200 3606
"GET /admin/auth/group/ HTTP/1.1" 200 3657
"GET /admin/jsi18n/ HTTP/1.1" 200 8292
"GET /admin/auth/group/add/ HTTP/1.1" 200 6514
"GET /admin/jsi18n/ HTTP/1.1" 200 8292
"GET /admin/ HTTP/1.1" 200 3606
"GET /admin/ HTTP/1.1" 200 3606
"GET /admin/ HTTP/1.1" 200 3606
"GET /admin/ HTTP/1.1" 200 3606
"GET /admin/ HTTP/1.1" 200 3606
"GET /admin/ HTTP/1.1" 200 3606
"GET /admin/ HTTP/1.1" 200 3606
"GET / HTTP/1.1" 200 792
"GET /blog/static/css/blog.css HTTP/1.1" 304 0
"GET / HTTP/1.1" 200 792
"GET /admin/ HTTP/1.1" 200 3606
"GET / HTTP/1.1" 200 792
"GET /blog/static/css/blog.css HTTP/1.1" 304 0
Not Found: /け生ちぬ
"GET /%E3%85%81%EC%9C%BC%E3%85%91%E3%85%9C HTTP/1.1" 404 2166
"GET /admin/ HTTP/1.1" 200 4230
"GET /admin/ HTTP/1.1" 200 4230
"GET /admin/blog/post/ HTTP/1.1" 200 3303
"GET /admin/jsi18n/ HTTP/1.1" 200 8292
"GET /admin/blog/post/add/ HTTP/1.1" 200 7509
"GET /admin/jsi18n/ HTTP/1.1" 200 8292
"POST /admin/blog/post/add/ HTTP/1.1" 302 0
"GET /admin/blog/post/ HTTP/1.1" 200 4711
"GET /admin/jsi18n/ HTTP/1.1" 200 8292
"GET /admin/blog/post/1/change/ HTTP/1.1" 200 8008
"GET /admin/jsi18n/ HTTP/1.1" 200 8292
"GET /admin/ HTTP/1.1" 200 4523
"GET /admin/ HTTP/1.1" 200 4523
"GET / HTTP/1.1" 200 792
"GET / HTTP/1.1" 200 792
"GET / HTTP/1.1" 200 792
"GET / HTTP/1.1" 200 792
"GET / HTTP/1.1" 200 792
"GET / HTTP/1.1" 200 792
"GET / HTTP/1.1" 200 792
"GET / HTTP/1.1" 200 792
"GET /admin/ HTTP/1.1" 200 4523
"GET /admin/blog/post/ HTTP/1.1" 200 4509
"GET /admin/jsi18n/ HTTP/1.1" 200 8292
"GET /admin/blog/post/1/change/ HTTP/1.1" 200 8008
"GET /admin/jsi18n/ HTTP/1.1" 200 8292
"GET / HTTP/1.1" 200 792
"GET /blog/static/css/blog.css HTTP/1.1" 304 0
Not Found: /favicon.ico
"GET /favicon.ico HTTP/1.1" 404 2139
"GET / HTTP/1.1" 200 792
"GET / HTTP/1.1" 200 822
"GET / HTTP/1.1" 200 838
"GET / HTTP/1.1" 200 838
"GET / HTTP/1.1" 200 838
"GET / HTTP/1.1" 200 838
"GET / HTTP/1.1" 200 838
"GET / HTTP/1.1" 200 838
"GET / HTTP/1.1" 200 838
"GET / HTTP/1.1" 200 838
"GET / HTTP/1.1" 200 838
"GET / HTTP/1.1" 200 838
"GET / HTTP/1.1" 200 979
"GET / HTTP/1.1" 200 979
"GET / HTTP/1.1" 200 979
"GET / HTTP/1.1" 200 979
"GET / HTTP/1.1" 200 979
"GET / HTTP/1.1" 200 979
"GET / HTTP/1.1" 200 979
"GET / HTTP/1.1" 200 979
"GET / HTTP/1.1" 200 979
"GET / HTTP/1.1" 200 979
"GET / HTTP/1.1" 200 979
"GET / HTTP/1.1" 200 979
"GET / HTTP/1.1" 200 979
"GET / HTTP/1.1" 200 979
"GET / HTTP/1.1" 200 979
"GET / HTTP/1.1" 200 979
"GET / HTTP/1.1" 200 979
"GET / HTTP/1.1" 200 979
"GET / HTTP/1.1" 200 979
"GET / HTTP/1.1" 200 979
"GET / HTTP/1.1" 200 979
"GET / HTTP/1.1" 200 979
"GET / HTTP/1.1" 200 979
"GET / HTTP/1.1" 200 979
"GET / HTTP/1.1" 200 979
"GET / HTTP/1.1" 200 979
"GET / HTTP/1.1" 200 979
"GET / HTTP/1.1" 200 979
"GET / HTTP/1.1" 200 979
"GET / HTTP/1.1" 200 979
"GET / HTTP/1.1" 200 979
"GET / HTTP/1.1" 200 979
"GET / HTTP/1.1" 200 979
"GET / HTTP/1.1" 200 979
"GET / HTTP/1.1" 200 1269
"GET / HTTP/1.1" 200 1269
"GET / HTTP/1.1" 200 1270
"GET / HTTP/1.1" 200 1270
"GET / HTTP/1.1" 200 1270
"GET / HTTP/1.1" 200 1270
"GET / HTTP/1.1" 200 1310
"GET / HTTP/1.1" 200 1310
"GET / HTTP/1.1" 200 1310
"GET / HTTP/1.1" 200 1422
"GET / HTTP/1.1" 200 1422
"GET / HTTP/1.1" 200 1422
"GET / HTTP/1.1" 200 1422
"GET / HTTP/1.1" 200 1422
"GET / HTTP/1.1" 200 1422
"GET / HTTP/1.1" 200 1422
"GET / HTTP/1.1" 200 1422
"GET / HTTP/1.1" 200 1422
"GET / HTTP/1.1" 200 1422
"GET / HTTP/1.1" 200 1422
"GET / HTTP/1.1" 200 1422
"GET / HTTP/1.1" 200 1422
"GET / HTTP/1.1" 200 1422
"GET / HTTP/1.1" 200 1422
"GET / HTTP/1.1" 200 1422
"GET / HTTP/1.1" 200 1422
"GET / HTTP/1.1" 200 1422
"GET / HTTP/1.1" 200 1422
"GET / HTTP/1.1" 200 1422
"GET / HTTP/1.1" 200 1422
"GET / HTTP/1.1" 200 1422
"GET / HTTP/1.1" 200 1422
"GET / HTTP/1.1" 200 1422
"GET / HTTP/1.1" 200 1090
"GET / HTTP/1.1" 200 1090
"GET / HTTP/1.1" 200 1090
"GET / HTTP/1.1" 200 1090
"GET / HTTP/1.1" 200 1090
"GET / HTTP/1.1" 200 1090
"GET / HTTP/1.1" 200 690
"GET / HTTP/1.1" 200 1090
"GET / HTTP/1.1" 200 1090
"GET / HTTP/1.1" 200 1090
"GET / HTTP/1.1" 200 1093
"GET / HTTP/1.1" 200 1093
"GET / HTTP/1.1" 200 1093
"GET / HTTP/1.1" 200 1097
"GET / HTTP/1.1" 200 1094
"GET / HTTP/1.1" 200 1094
"GET / HTTP/1.1" 200 1094
"GET / HTTP/1.1" 200 1094
"GET / HTTP/1.1" 200 1094
"GET / HTTP/1.1" 200 1094
"GET / HTTP/1.1" 200 1094
"GET / HTTP/1.1" 200 1094
"GET / HTTP/1.1" 200 1094
"GET / HTTP/1.1" 200 1094
"GET / HTTP/1.1" 200 1094
"GET / HTTP/1.1" 200 1094
"GET / HTTP/1.1" 200 1094
"GET / HTTP/1.1" 200 1094
"GET / HTTP/1.1" 200 1094
"GET / HTTP/1.1" 200 1094
"GET / HTTP/1.1" 200 1094
"GET / HTTP/1.1" 200 1094
"GET / HTTP/1.1" 200 1094
"GET / HTTP/1.1" 200 1094
"GET / HTTP/1.1" 200 1094
"GET / HTTP/1.1" 200 1094
"GET / HTTP/1.1" 200 1094
"GET / HTTP/1.1" 200 1094
"GET / HTTP/1.1" 200 1094
"GET / HTTP/1.1" 200 1094
"GET / HTTP/1.1" 200 1094
"GET / HTTP/1.1" 200 1094
"GET / HTTP/1.1" 200 1094
Internal Server Error: /
Traceback (most recent call last):
  File "C:\Users\jong\AppData\Local\Programs\Python\Python36\lib\site-packages\django\template\base.py", line 475, in parse
    compile_func = self.tags[command]
KeyError: 'static'

During handling of the above exception, another exception occurred:

Traceback (most recent call last):
  File "C:\Users\jong\AppData\Local\Programs\Python\Python36\lib\site-packages\django\core\handlers\exception.py", line 35, in inner
    response = get_response(request)
  File "C:\Users\jong\AppData\Local\Programs\Python\Python36\lib\site-packages\django\core\handlers\base.py", line 128, in _get_response
    response = self.process_exception_by_middleware(e, request)
  File "C:\Users\jong\AppData\Local\Programs\Python\Python36\lib\site-packages\django\core\handlers\base.py", line 126, in _get_response
    response = wrapped_callback(request, *callback_args, **callback_kwargs)
  File "C:\Users\jong\PycharmProjects\BPage\blog\views.py", line 8, in post_list
    return render(request, 'blog/post_list.html', {'posts': posts})
  File "C:\Users\jong\AppData\Local\Programs\Python\Python36\lib\site-packages\django\shortcuts.py", line 36, in render
    content = loader.render_to_string(template_name, context, request, using=using)
  File "C:\Users\jong\AppData\Local\Programs\Python\Python36\lib\site-packages\django\template\loader.py", line 62, in render_to_string
    return template.render(context, request)
  File "C:\Users\jong\AppData\Local\Programs\Python\Python36\lib\site-packages\django\template\backends\django.py", line 61, in render
    return self.template.render(context)
  File "C:\Users\jong\AppData\Local\Programs\Python\Python36\lib\site-packages\django\template\base.py", line 175, in render
    return self._render(context)
  File "C:\Users\jong\AppData\Local\Programs\Python\Python36\lib\site-packages\django\template\base.py", line 167, in _render
    return self.nodelist.render(context)
  File "C:\Users\jong\AppData\Local\Programs\Python\Python36\lib\site-packages\django\template\base.py", line 943, in render
    bit = node.render_annotated(context)
  File "C:\Users\jong\AppData\Local\Programs\Python\Python36\lib\site-packages\django\template\base.py", line 910, in render_annotated
    return self.render(context)
  File "C:\Users\jong\AppData\Local\Programs\Python\Python36\lib\site-packages\django\template\loader_tags.py", line 132, in render
    compiled_parent = self.get_parent(context)
  File "C:\Users\jong\AppData\Local\Programs\Python\Python36\lib\site-packages\django\template\loader_tags.py", line 129, in get_parent
    return self.find_template(parent, context)
  File "C:\Users\jong\AppData\Local\Programs\Python\Python36\lib\site-packages\django\template\loader_tags.py", line 109, in find_template
    template_name, skip=history,
  File "C:\Users\jong\AppData\Local\Programs\Python\Python36\lib\site-packages\django\template\engine.py", line 126, in find_template
    template = loader.get_template(name, skip=skip)
  File "C:\Users\jong\AppData\Local\Programs\Python\Python36\lib\site-packages\django\template\loaders\base.py", line 30, in get_template
    contents, origin, origin.template_name, self.engine,
  File "C:\Users\jong\AppData\Local\Programs\Python\Python36\lib\site-packages\django\template\base.py", line 160, in __init__
    self.nodelist = self.compile_nodelist()
  File "C:\Users\jong\AppData\Local\Programs\Python\Python36\lib\site-packages\django\template\base.py", line 198, in compile_nodelist
    return parser.parse()
  File "C:\Users\jong\AppData\Local\Programs\Python\Python36\lib\site-packages\django\template\base.py", line 477, in parse
    self.invalid_block_tag(token, command, parse_until)
  File "C:\Users\jong\AppData\Local\Programs\Python\Python36\lib\site-packages\django\template\base.py", line 539, in invalid_block_tag
    "or load this tag?" % (token.lineno, command)
django.template.exceptions.TemplateSyntaxError: Invalid block tag on line 5: 'static'. Did you forget to register or load this tag?
"GET / HTTP/1.1" 500 145999
Internal Server Error: /
Traceback (most recent call last):
  File "C:\Users\jong\AppData\Local\Programs\Python\Python36\lib\site-packages\django\template\base.py", line 475, in parse
    compile_func = self.tags[command]
KeyError: 'static'

During handling of the above exception, another exception occurred:

Traceback (most recent call last):
  File "C:\Users\jong\AppData\Local\Programs\Python\Python36\lib\site-packages\django\core\handlers\exception.py", line 35, in inner
    response = get_response(request)
  File "C:\Users\jong\AppData\Local\Programs\Python\Python36\lib\site-packages\django\core\handlers\base.py", line 128, in _get_response
    response = self.process_exception_by_middleware(e, request)
  File "C:\Users\jong\AppData\Local\Programs\Python\Python36\lib\site-packages\django\core\handlers\base.py", line 126, in _get_response
    response = wrapped_callback(request, *callback_args, **callback_kwargs)
  File "C:\Users\jong\PycharmProjects\BPage\blog\views.py", line 8, in post_list
    return render(request, 'blog/post_list.html', {'posts': posts})
  File "C:\Users\jong\AppData\Local\Programs\Python\Python36\lib\site-packages\django\shortcuts.py", line 36, in render
    content = loader.render_to_string(template_name, context, request, using=using)
  File "C:\Users\jong\AppData\Local\Programs\Python\Python36\lib\site-packages\django\template\loader.py", line 62, in render_to_string
    return template.render(context, request)
  File "C:\Users\jong\AppData\Local\Programs\Python\Python36\lib\site-packages\django\template\backends\django.py", line 61, in render
    return self.template.render(context)
  File "C:\Users\jong\AppData\Local\Programs\Python\Python36\lib\site-packages\django\template\base.py", line 175, in render
    return self._render(context)
  File "C:\Users\jong\AppData\Local\Programs\Python\Python36\lib\site-packages\django\template\base.py", line 167, in _render
    return self.nodelist.render(context)
  File "C:\Users\jong\AppData\Local\Programs\Python\Python36\lib\site-packages\django\template\base.py", line 943, in render
    bit = node.render_annotated(context)
  File "C:\Users\jong\AppData\Local\Programs\Python\Python36\lib\site-packages\django\template\base.py", line 910, in render_annotated
    return self.render(context)
  File "C:\Users\jong\AppData\Local\Programs\Python\Python36\lib\site-packages\django\template\loader_tags.py", line 132, in render
    compiled_parent = self.get_parent(context)
  File "C:\Users\jong\AppData\Local\Programs\Python\Python36\lib\site-packages\django\template\loader_tags.py", line 129, in get_parent
    return self.find_template(parent, context)
  File "C:\Users\jong\AppData\Local\Programs\Python\Python36\lib\site-packages\django\template\loader_tags.py", line 109, in find_template
    template_name, skip=history,
  File "C:\Users\jong\AppData\Local\Programs\Python\Python36\lib\site-packages\django\template\engine.py", line 126, in find_template
    template = loader.get_template(name, skip=skip)
  File "C:\Users\jong\AppData\Local\Programs\Python\Python36\lib\site-packages\django\template\loaders\base.py", line 30, in get_template
    contents, origin, origin.template_name, self.engine,
  File "C:\Users\jong\AppData\Local\Programs\Python\Python36\lib\site-packages\django\template\base.py", line 160, in __init__
    self.nodelist = self.compile_nodelist()
  File "C:\Users\jong\AppData\Local\Programs\Python\Python36\lib\site-packages\django\template\base.py", line 198, in compile_nodelist
    return parser.parse()
  File "C:\Users\jong\AppData\Local\Programs\Python\Python36\lib\site-packages\django\template\base.py", line 477, in parse
    self.invalid_block_tag(token, command, parse_until)
  File "C:\Users\jong\AppData\Local\Programs\Python\Python36\lib\site-packages\django\template\base.py", line 539, in invalid_block_tag
    "or load this tag?" % (token.lineno, command)
django.template.exceptions.TemplateSyntaxError: Invalid block tag on line 5: 'static'. Did you forget to register or load this tag?
"GET / HTTP/1.1" 500 145999
"GET / HTTP/1.1" 200 1094
"GET / HTTP/1.1" 200 1094
"GET / HTTP/1.1" 200 1094
"GET / HTTP/1.1" 200 1093
"GET / HTTP/1.1" 200 1093
"GET / HTTP/1.1" 200 1093
"GET / HTTP/1.1" 200 1093
"GET / HTTP/1.1" 200 1093
"GET / HTTP/1.1" 200 1093
"GET / HTTP/1.1" 200 1093
"GET / HTTP/1.1" 200 1093
"GET / HTTP/1.1" 200 1093
"GET / HTTP/1.1" 200 1093
"GET / HTTP/1.1" 200 1093
"GET / HTTP/1.1" 200 1093
"GET / HTTP/1.1" 200 1093
"GET / HTTP/1.1" 200 1093
"GET / HTTP/1.1" 200 1093
"GET / HTTP/1.1" 200 1093
"GET / HTTP/1.1" 200 1093
"GET / HTTP/1.1" 200 1093
"GET / HTTP/1.1" 200 1093
"GET / HTTP/1.1" 200 1093
"GET / HTTP/1.1" 200 1093
"GET / HTTP/1.1" 200 1093
"GET / HTTP/1.1" 200 1093
"GET / HTTP/1.1" 200 1093
"GET / HTTP/1.1" 200 1093
"GET / HTTP/1.1" 200 1093
"GET / HTTP/1.1" 200 1093
"GET / HTTP/1.1" 200 1093
"GET / HTTP/1.1" 200 1093
"GET / HTTP/1.1" 200 1088
Not Found: /static/css/blog.css
"GET /static/css/blog.css HTTP/1.1" 404 2163
"GET / HTTP/1.1" 200 1088
Not Found: /static/css/blog.css
"GET /static/css/blog.css HTTP/1.1" 404 2163
"GET / HTTP/1.1" 200 1088
Not Found: /static/css/blog.css
"GET /static/css/blog.css HTTP/1.1" 404 2163
"GET / HTTP/1.1" 200 1088
Not Found: /static/css/blog.css
"GET /static/css/blog.css HTTP/1.1" 404 2163
"GET / HTTP/1.1" 200 1088
Not Found: /static/css/blog.css
"GET /static/css/blog.css HTTP/1.1" 404 2163
"GET / HTTP/1.1" 200 1088
Not Found: /static/css/blog.css
"GET /static/css/blog.css HTTP/1.1" 404 2163
"GET / HTTP/1.1" 200 676
Not Found: /static/css/blog.css
"GET /static/css/blog.css HTTP/1.1" 404 2163
"GET / HTTP/1.1" 200 676
Not Found: /static/css/blog.css
"GET /static/css/blog.css HTTP/1.1" 404 2163
"GET / HTTP/1.1" 200 676
Not Found: /static/css/blog.css
"GET /static/css/blog.css HTTP/1.1" 404 2163
"GET / HTTP/1.1" 200 676
Not Found: /static/css/blog.css
"GET /static/css/blog.css HTTP/1.1" 404 2163
"GET / HTTP/1.1" 200 677
Not Found: /static/blog/blog.css
"GET /static/blog/blog.css HTTP/1.1" 404 2166
"GET / HTTP/1.1" 200 677
Not Found: /static/blog/blog.css
"GET /static/blog/blog.css HTTP/1.1" 404 2166
"GET / HTTP/1.1" 200 677
Not Found: /static/blog/blog.css
"GET /static/blog/blog.css HTTP/1.1" 404 2166
"GET / HTTP/1.1" 200 677
Not Found: /static/blog/blog.css
"GET /static/blog/blog.css HTTP/1.1" 404 2166
"GET / HTTP/1.1" 200 677
Not Found: /static/blog/blog.css
"GET /static/blog/blog.css HTTP/1.1" 404 2166
"GET / HTTP/1.1" 200 677
Not Found: /static/blog/blog.css
"GET /static/blog/blog.css HTTP/1.1" 404 2166
"GET / HTTP/1.1" 200 677
Not Found: /static/blog/blog.css
"GET /static/blog/blog.css HTTP/1.1" 404 2166
"GET / HTTP/1.1" 200 677
Not Found: /static/blog/blog.css
"GET /static/blog/blog.css HTTP/1.1" 404 2166
"GET / HTTP/1.1" 200 677
Not Found: /static/blog/blog.css
"GET /static/blog/blog.css HTTP/1.1" 404 2166
"GET / HTTP/1.1" 200 677
Not Found: /static/blog/blog.css
"GET /static/blog/blog.css HTTP/1.1" 404 2166
"GET / HTTP/1.1" 200 678
Not Found: /static/.blog/blog.css
"GET /static/.blog/blog.css HTTP/1.1" 404 2169
"GET / HTTP/1.1" 200 678
Not Found: /static/.blog/blog.css
"GET /static/.blog/blog.css HTTP/1.1" 404 2169
"GET / HTTP/1.1" 200 678
Not Found: /static/.blog/blog.css
"GET /static/.blog/blog.css HTTP/1.1" 404 2169
"GET / HTTP/1.1" 200 678
Not Found: /static/.blog/blog.css
"GET /static/.blog/blog.css HTTP/1.1" 404 2169
"GET / HTTP/1.1" 200 678
Not Found: /static/.blog/blog.css
"GET /static/.blog/blog.css HTTP/1.1" 404 2169
"GET / HTTP/1.1" 200 678
Not Found: /static/.blog/blog.css
"GET /static/.blog/blog.css HTTP/1.1" 404 2169
"GET / HTTP/1.1" 200 1088
Not Found: /static/css/blog.css
"GET /static/css/blog.css HTTP/1.1" 404 2163
"GET / HTTP/1.1" 200 1088
Not Found: /static/css/blog.css
"GET /static/css/blog.css HTTP/1.1" 404 2163
"GET / HTTP/1.1" 200 1088
Not Found: /static/css/blog.css
"GET /static/css/blog.css HTTP/1.1" 404 2163
"GET / HTTP/1.1" 200 1088
Not Found: /static/css/blog.css
"GET /static/css/blog.css HTTP/1.1" 404 2163
"GET / HTTP/1.1" 200 1088
Not Found: /static/css/blog.css
"GET /static/css/blog.css HTTP/1.1" 404 2163
"GET / HTTP/1.1" 200 1088
Not Found: /static/css/blog.css
"GET /static/css/blog.css HTTP/1.1" 404 2163
"GET / HTTP/1.1" 200 1088
Not Found: /static/css/blog.css
"GET /static/css/blog.css HTTP/1.1" 404 2163
"GET / HTTP/1.1" 200 1088
Not Found: /static/css/blog.css
"GET /static/css/blog.css HTTP/1.1" 404 2163
"GET / HTTP/1.1" 200 1089
Not Found: /static/blog/blog.css
"GET /static/blog/blog.css HTTP/1.1" 404 2166
"GET / HTTP/1.1" 200 1089
Not Found: /static/blog/blog.css
"GET /static/blog/blog.css HTTP/1.1" 404 2166
"GET / HTTP/1.1" 200 1089
Not Found: /static/blog/blog.css
"GET /static/blog/blog.css HTTP/1.1" 404 2166
"GET / HTTP/1.1" 200 1089
Not Found: /static/blog/blog.css
"GET /static/blog/blog.css HTTP/1.1" 404 2166
"GET / HTTP/1.1" 200 1089
Not Found: /static/blog/blog.css
"GET /static/blog/blog.css HTTP/1.1" 404 2166
"GET / HTTP/1.1" 200 1089
Not Found: /static/blog/blog.css
"GET /static/blog/blog.css HTTP/1.1" 404 2166
"GET / HTTP/1.1" 200 1089
Not Found: /static/blog/blog.css
"GET /static/blog/blog.css HTTP/1.1" 404 2166
"GET / HTTP/1.1" 200 1089
Not Found: /static/blog/blog.css
"GET /static/blog/blog.css HTTP/1.1" 404 2166
"GET / HTTP/1.1" 200 1089
Not Found: /static/blog/blog.css
"GET /static/blog/blog.css HTTP/1.1" 404 2166
"GET / HTTP/1.1" 200 1089
Not Found: /static/blog/blog.css
"GET /static/blog/blog.css HTTP/1.1" 404 2166
"GET / HTTP/1.1" 200 1089
Not Found: /static/blog/blog.css
"GET /static/blog/blog.css HTTP/1.1" 404 2166
"GET / HTTP/1.1" 200 1089
Not Found: /static/blog/blog.css
"GET /static/blog/blog.css HTTP/1.1" 404 2166
"GET / HTTP/1.1" 200 1089
Not Found: /static/blog/blog.css
"GET /static/blog/blog.css HTTP/1.1" 404 2166
"GET / HTTP/1.1" 200 1089
Not Found: /static/blog/blog.css
"GET /static/blog/blog.css HTTP/1.1" 404 2166
"GET / HTTP/1.1" 200 1089
Not Found: /static/blog/blog.css
"GET /static/blog/blog.css HTTP/1.1" 404 2166
"GET / HTTP/1.1" 200 1089
Not Found: /static/blog/blog.css
"GET /static/blog/blog.css HTTP/1.1" 404 2166
"GET / HTTP/1.1" 200 1089
Not Found: /static/blog/blog.css
"GET /static/blog/blog.css HTTP/1.1" 404 2166
"GET / HTTP/1.1" 200 1089
Not Found: /static/blog/blog.css
"GET /static/blog/blog.css HTTP/1.1" 404 2166
"GET / HTTP/1.1" 200 1089
Not Found: /static/blog/blog.css
"GET /static/blog/blog.css HTTP/1.1" 404 2166
"GET / HTTP/1.1" 200 1089
Not Found: /static/blog/blog.css
"GET /static/blog/blog.css HTTP/1.1" 404 2166
"GET / HTTP/1.1" 200 677
Not Found: /static/blog/blog.css
"GET /static/blog/blog.css HTTP/1.1" 404 2166
"GET / HTTP/1.1" 200 677
Not Found: /static/blog/blog.css
"GET /static/blog/blog.css HTTP/1.1" 404 2166
"GET / HTTP/1.1" 200 677
Not Found: /static/blog/blog.css
"GET /static/blog/blog.css HTTP/1.1" 404 2166
"GET / HTTP/1.1" 200 677
Not Found: /static/blog/blog.css
"GET /static/blog/blog.css HTTP/1.1" 404 2166
"GET / HTTP/1.1" 200 677
Not Found: /static/blog/blog.css
"GET /static/blog/blog.css HTTP/1.1" 404 2166
"GET / HTTP/1.1" 200 677
Not Found: /static/blog/blog.css
"GET /static/blog/blog.css HTTP/1.1" 404 2166
"GET / HTTP/1.1" 200 677
Not Found: /static/blog/blog.css
"GET /static/blog/blog.css HTTP/1.1" 404 2166
"GET / HTTP/1.1" 200 677
Not Found: /static/blog/blog.css
"GET /static/blog/blog.css HTTP/1.1" 404 2166
"GET / HTTP/1.1" 200 677
Not Found: /static/blog/blog.css
"GET /static/blog/blog.css HTTP/1.1" 404 2166
"GET / HTTP/1.1" 200 677
Not Found: /static/blog/blog.css
"GET /static/blog/blog.css HTTP/1.1" 404 2166
"GET / HTTP/1.1" 200 677
Not Found: /static/blog/blog.css
"GET /static/blog/blog.css HTTP/1.1" 404 2166
"GET / HTTP/1.1" 200 677
Not Found: /static/blog/blog.css
"GET /static/blog/blog.css HTTP/1.1" 404 2166
"GET / HTTP/1.1" 200 677
Not Found: /static/blog/blog.css
"GET /static/blog/blog.css HTTP/1.1" 404 2166
"GET / HTTP/1.1" 200 677
Not Found: /static/blog/blog.css
"GET /static/blog/blog.css HTTP/1.1" 404 2166
"GET / HTTP/1.1" 200 677
Not Found: /static/blog/blog.css
"GET /static/blog/blog.css HTTP/1.1" 404 2166
"GET / HTTP/1.1" 200 677
Not Found: /static/blog/blog.css
"GET /static/blog/blog.css HTTP/1.1" 404 2166
"GET / HTTP/1.1" 200 676
Not Found: /static/css/blog.css
"GET /static/css/blog.css HTTP/1.1" 404 2163
"GET / HTTP/1.1" 200 676
Not Found: /static/css/blog.css
"GET /static/css/blog.css HTTP/1.1" 404 2163
"GET / HTTP/1.1" 200 676
Not Found: /static/css/blog.css
"GET /static/css/blog.css HTTP/1.1" 404 2163
"GET / HTTP/1.1" 200 676
Not Found: /static/css/blog.css
"GET /static/css/blog.css HTTP/1.1" 404 2163
"GET / HTTP/1.1" 200 676
Not Found: /static/css/blog.css
"GET /static/css/blog.css HTTP/1.1" 404 2163
"GET / HTTP/1.1" 200 676
Not Found: /static/css/blog.css
"GET /static/css/blog.css HTTP/1.1" 404 2163
"GET / HTTP/1.1" 200 676
Not Found: /static/css/blog.css
"GET /static/css/blog.css HTTP/1.1" 404 2163
"GET / HTTP/1.1" 200 676
Not Found: /static/css/blog.css
"GET /static/css/blog.css HTTP/1.1" 404 2163
"GET / HTTP/1.1" 200 676
Not Found: /static/css/blog.css
"GET /static/css/blog.css HTTP/1.1" 404 2163
"GET / HTTP/1.1" 200 676
Not Found: /static/css/blog.css
"GET /static/css/blog.css HTTP/1.1" 404 2163
"GET / HTTP/1.1" 200 676
Not Found: /static/css/blog.css
"GET /static/css/blog.css HTTP/1.1" 404 2163
"GET / HTTP/1.1" 200 677
"GET /static/css/blog.css HTTP/1.1" 200 300
"GET / HTTP/1.1" 200 707
"GET / HTTP/1.1" 200 707
"GET / HTTP/1.1" 200 691
"GET /static/css/blog.css HTTP/1.1" 304 0
"GET / HTTP/1.1" 200 679
"GET / HTTP/1.1" 200 679
"GET / HTTP/1.1" 200 679
"GET / HTTP/1.1" 200 679
"GET / HTTP/1.1" 200 648
"GET /static/css/blog.css HTTP/1.1" 200 388
"GET / HTTP/1.1" 200 648
"GET /static/css/blog.css HTTP/1.1" 304 0
"GET / HTTP/1.1" 200 648
"GET /static/css/blog.css HTTP/1.1" 304 0
"GET / HTTP/1.1" 200 648
"GET /static/css/blog.css HTTP/1.1" 304 0
"GET / HTTP/1.1" 200 648
"GET /static/css/blog.css HTTP/1.1" 304 0
"GET / HTTP/1.1" 200 648
"GET /static/css/blog.css HTTP/1.1" 200 387
"GET / HTTP/1.1" 200 648
"GET /static/css/blog.css HTTP/1.1" 304 0
"GET / HTTP/1.1" 200 671
"GET /static/css/blog.css HTTP/1.1" 200 388
"GET / HTTP/1.1" 200 671
"GET / HTTP/1.1" 200 671
"GET / HTTP/1.1" 200 671
"GET /static/css/blog.css HTTP/1.1" 200 421
"GET / HTTP/1.1" 200 671
"GET / HTTP/1.1" 200 671
"GET /static/css/blog.css HTTP/1.1" 304 0
"GET / HTTP/1.1" 200 671
"GET /static/css/blog.css HTTP/1.1" 304 0
"GET / HTTP/1.1" 200 671
"GET /static/css/blog.css HTTP/1.1" 200 446
"GET / HTTP/1.1" 200 671
"GET /static/css/blog.css HTTP/1.1" 304 0
"GET / HTTP/1.1" 200 671
"GET /static/css/blog.css HTTP/1.1" 304 0
"GET / HTTP/1.1" 200 671
"GET /static/css/blog.css HTTP/1.1" 304 0
"GET / HTTP/1.1" 200 671
"GET /static/css/blog.css HTTP/1.1" 304 0
"GET / HTTP/1.1" 200 671
"GET /static/css/blog.css HTTP/1.1" 304 0
"GET / HTTP/1.1" 200 671
"GET /static/css/blog.css HTTP/1.1" 200 468
"GET / HTTP/1.1" 200 671
"GET /static/css/blog.css HTTP/1.1" 304 0
"GET / HTTP/1.1" 200 671
"GET /static/css/blog.css HTTP/1.1" 304 0
"GET / HTTP/1.1" 200 671
"GET /static/css/blog.css HTTP/1.1" 200 491
"GET / HTTP/1.1" 200 671
"GET /static/css/blog.css HTTP/1.1" 304 0
"GET / HTTP/1.1" 200 671
"GET /static/css/blog.css HTTP/1.1" 304 0
"GET / HTTP/1.1" 200 671
"GET /static/css/blog.css HTTP/1.1" 200 491
"GET / HTTP/1.1" 200 671
"GET /static/css/blog.css HTTP/1.1" 304 0
"GET / HTTP/1.1" 200 671
"GET /static/css/blog.css HTTP/1.1" 304 0
"GET / HTTP/1.1" 200 671
"GET /static/css/blog.css HTTP/1.1" 304 0
"GET / HTTP/1.1" 200 671
"GET /static/css/blog.css HTTP/1.1" 304 0
"GET / HTTP/1.1" 200 671
"GET / HTTP/1.1" 200 671
"GET /static/css/blog.css HTTP/1.1" 304 0
"GET / HTTP/1.1" 200 671
"GET / HTTP/1.1" 200 650
"GET /static/css/blog.css HTTP/1.1" 200 493
"GET / HTTP/1.1" 200 650
"GET /static/css/blog.css HTTP/1.1" 304 0
"GET / HTTP/1.1" 200 650
"GET /static/css/blog.css HTTP/1.1" 304 0
"GET / HTTP/1.1" 200 650
"GET /static/css/blog.css HTTP/1.1" 200 495
"GET / HTTP/1.1" 200 650
"GET /static/css/blog.css HTTP/1.1" 304 0
"GET / HTTP/1.1" 200 650
"GET /static/css/blog.css HTTP/1.1" 304 0
"GET / HTTP/1.1" 200 650
"GET /static/css/blog.css HTTP/1.1" 304 0
"GET / HTTP/1.1" 200 650
"GET /static/css/blog.css HTTP/1.1" 200 496
"GET / HTTP/1.1" 200 650
"GET /static/css/blog.css HTTP/1.1" 304 0
"GET / HTTP/1.1" 200 650
"GET /static/css/blog.css HTTP/1.1" 304 0
"GET / HTTP/1.1" 200 641
"GET /static/css/blog.css HTTP/1.1" 304 0
"GET / HTTP/1.1" 200 641
"GET / HTTP/1.1" 200 641
"GET /static/css/blog.css HTTP/1.1" 200 507
"GET / HTTP/1.1" 200 641
"GET /static/css/blog.css HTTP/1.1" 304 0
"GET / HTTP/1.1" 200 641
"GET /static/css/blog.css HTTP/1.1" 304 0
"GET / HTTP/1.1" 200 641
"GET /static/css/blog.css HTTP/1.1" 304 0
"GET / HTTP/1.1" 200 641
"GET /static/css/blog.css HTTP/1.1" 200 529
"GET / HTTP/1.1" 200 641
"GET /static/css/blog.css HTTP/1.1" 304 0
"GET / HTTP/1.1" 200 641
"GET /static/css/blog.css HTTP/1.1" 304 0
"GET / HTTP/1.1" 200 641
"GET /static/css/blog.css HTTP/1.1" 200 618
"GET / HTTP/1.1" 200 641
"GET /static/css/blog.css HTTP/1.1" 304 0
"GET / HTTP/1.1" 200 641
"GET /static/css/blog.css HTTP/1.1" 304 0
"GET / HTTP/1.1" 200 641
"GET /static/css/blog.css HTTP/1.1" 304 0
"GET / HTTP/1.1" 200 641
"GET /static/css/blog.css HTTP/1.1" 200 616
"GET / HTTP/1.1" 200 641
"GET /static/css/blog.css HTTP/1.1" 304 0
"GET / HTTP/1.1" 200 641
"GET /static/css/blog.css HTTP/1.1" 304 0
"GET / HTTP/1.1" 200 641
"GET /static/css/blog.css HTTP/1.1" 304 0
"GET / HTTP/1.1" 200 641
"GET /static/css/blog.css HTTP/1.1" 200 558
"GET / HTTP/1.1" 200 641
"GET /static/css/blog.css HTTP/1.1" 304 0
"GET / HTTP/1.1" 200 641
"GET /static/css/blog.css HTTP/1.1" 304 0
"GET / HTTP/1.1" 200 641
"GET /static/css/blog.css HTTP/1.1" 304 0
"GET / HTTP/1.1" 200 641
"GET /static/css/blog.css HTTP/1.1" 200 562
"GET / HTTP/1.1" 200 641
"GET /static/css/blog.css HTTP/1.1" 304 0
"GET / HTTP/1.1" 200 641
"GET /static/css/blog.css HTTP/1.1" 200 560
"GET / HTTP/1.1" 200 641
"GET /static/css/blog.css HTTP/1.1" 304 0
"GET / HTTP/1.1" 200 641
"GET /static/css/blog.css HTTP/1.1" 304 0
"GET / HTTP/1.1" 200 641
"GET /static/css/blog.css HTTP/1.1" 304 0
"GET / HTTP/1.1" 200 641
"GET /static/css/blog.css HTTP/1.1" 304 0
"GET / HTTP/1.1" 200 641
"GET / HTTP/1.1" 200 641
"GET /static/css/blog.css HTTP/1.1" 304 0
"GET / HTTP/1.1" 200 641
"GET /static/css/blog.css HTTP/1.1" 304 0
"GET / HTTP/1.1" 200 641
"GET /static/css/blog.css HTTP/1.1" 200 561
"GET / HTTP/1.1" 200 641
"GET /static/css/blog.css HTTP/1.1" 304 0
"GET / HTTP/1.1" 200 641
"GET /static/css/blog.css HTTP/1.1" 304 0
"GET / HTTP/1.1" 200 641
"GET /static/css/blog.css HTTP/1.1" 200 558
"GET / HTTP/1.1" 200 641
"GET /static/css/blog.css HTTP/1.1" 304 0
"GET / HTTP/1.1" 200 641
"GET /static/css/blog.css HTTP/1.1" 304 0
"GET / HTTP/1.1" 200 641
"GET /static/css/blog.css HTTP/1.1" 200 562
"GET / HTTP/1.1" 200 641
"GET /static/css/blog.css HTTP/1.1" 304 0
"GET / HTTP/1.1" 200 641
"GET /static/css/blog.css HTTP/1.1" 304 0
"GET / HTTP/1.1" 200 641
"GET /static/css/blog.css HTTP/1.1" 200 561
"GET / HTTP/1.1" 200 641
"GET /static/css/blog.css HTTP/1.1" 304 0
"GET / HTTP/1.1" 200 641
"GET /static/css/blog.css HTTP/1.1" 304 0
"GET / HTTP/1.1" 200 641
"GET /static/css/blog.css HTTP/1.1" 304 0
"GET / HTTP/1.1" 200 641
"GET /static/css/blog.css HTTP/1.1" 200 641
"GET / HTTP/1.1" 200 641
"GET /static/css/blog.css HTTP/1.1" 200 631
"GET / HTTP/1.1" 200 641
"GET /static/css/blog.css HTTP/1.1" 304 0
"GET / HTTP/1.1" 200 641
"GET /static/css/blog.css HTTP/1.1" 304 0
"GET / HTTP/1.1" 200 641
"GET /static/css/blog.css HTTP/1.1" 200 630
"GET / HTTP/1.1" 200 641
"GET /static/css/blog.css HTTP/1.1" 304 0
"GET / HTTP/1.1" 200 641
"GET /static/css/blog.css HTTP/1.1" 304 0
"GET / HTTP/1.1" 200 641
"GET /static/css/blog.css HTTP/1.1" 200 613
"GET / HTTP/1.1" 200 641
"GET /static/css/blog.css HTTP/1.1" 304 0
"GET / HTTP/1.1" 200 641
"GET /static/css/blog.css HTTP/1.1" 304 0
"GET / HTTP/1.1" 200 641
"GET /static/css/blog.css HTTP/1.1" 200 585
"GET / HTTP/1.1" 200 641
"GET /static/css/blog.css HTTP/1.1" 304 0
"GET / HTTP/1.1" 200 641
"GET /static/css/blog.css HTTP/1.1" 304 0
"GET / HTTP/1.1" 200 641
"GET /static/css/blog.css HTTP/1.1" 304 0
"GET / HTTP/1.1" 200 641
"GET /static/css/blog.css HTTP/1.1" 200 558
"GET / HTTP/1.1" 200 641
"GET /static/css/blog.css HTTP/1.1" 304 0
"GET / HTTP/1.1" 200 641
"GET /static/css/blog.css HTTP/1.1" 304 0
"GET / HTTP/1.1" 200 641
"GET /static/css/blog.css HTTP/1.1" 200 559
"GET / HTTP/1.1" 200 641
"GET /static/css/blog.css HTTP/1.1" 304 0
"GET / HTTP/1.1" 200 641
"GET /static/css/blog.css HTTP/1.1" 304 0
"GET / HTTP/1.1" 200 641
"GET /static/css/blog.css HTTP/1.1" 200 572
"GET / HTTP/1.1" 200 641
"GET /static/css/blog.css HTTP/1.1" 304 0
"GET / HTTP/1.1" 200 641
"GET /static/css/blog.css HTTP/1.1" 304 0
"GET / HTTP/1.1" 200 641
"GET /static/css/blog.css HTTP/1.1" 304 0
"GET / HTTP/1.1" 200 640
"GET /static/css/blog.css HTTP/1.1" 304 0
"GET / HTTP/1.1" 200 640
"GET / HTTP/1.1" 200 640
"GET / HTTP/1.1" 200 640
"GET /static/css/blog.css HTTP/1.1" 304 0
"GET / HTTP/1.1" 200 640
"GET / HTTP/1.1" 200 640
"GET / HTTP/1.1" 200 678
"GET /static/css/blog.css HTTP/1.1" 304 0
"GET / HTTP/1.1" 200 678
"GET / HTTP/1.1" 200 678
"GET / HTTP/1.1" 200 678
"GET /static/css/blog.css HTTP/1.1" 200 622
"GET / HTTP/1.1" 200 678
"GET /static/css/blog.css HTTP/1.1" 304 0
"GET / HTTP/1.1" 200 678
"GET /static/css/blog.css HTTP/1.1" 304 0
"GET / HTTP/1.1" 200 678
"GET /static/css/blog.css HTTP/1.1" 200 677
"GET / HTTP/1.1" 200 678
"GET /static/css/blog.css HTTP/1.1" 304 0
"GET / HTTP/1.1" 200 678
"GET /static/css/blog.css HTTP/1.1" 304 0
"GET / HTTP/1.1" 200 678
"GET /static/css/blog.css HTTP/1.1" 304 0
"GET / HTTP/1.1" 200 678
"GET /static/css/blog.css HTTP/1.1" 304 0
"GET / HTTP/1.1" 200 678
"GET /static/css/blog.css HTTP/1.1" 200 678
"GET / HTTP/1.1" 200 678
"GET /static/css/blog.css HTTP/1.1" 304 0
"GET / HTTP/1.1" 200 678
"GET /static/css/blog.css HTTP/1.1" 304 0
"GET / HTTP/1.1" 200 678
"GET /static/css/blog.css HTTP/1.1" 200 677
"GET / HTTP/1.1" 200 678
"GET /static/css/blog.css HTTP/1.1" 304 0
"GET / HTTP/1.1" 200 678
"GET /static/css/blog.css HTTP/1.1" 304 0
"GET / HTTP/1.1" 200 678
"GET /static/css/blog.css HTTP/1.1" 304 0
"GET / HTTP/1.1" 200 678
"GET /static/css/blog.css HTTP/1.1" 304 0
"GET / HTTP/1.1" 200 678
"GET /static/css/blog.css HTTP/1.1" 304 0
"GET / HTTP/1.1" 200 678
"GET / HTTP/1.1" 200 678
"GET / HTTP/1.1" 200 678
"GET /static/css/blog.css HTTP/1.1" 200 679
"GET / HTTP/1.1" 200 678
"GET /static/css/blog.css HTTP/1.1" 200 682
"GET / HTTP/1.1" 200 678
"GET /static/css/blog.css HTTP/1.1" 304 0
"GET / HTTP/1.1" 200 678
"GET /static/css/blog.css HTTP/1.1" 200 681
"GET / HTTP/1.1" 200 678
"GET /static/css/blog.css HTTP/1.1" 304 0
"GET / HTTP/1.1" 200 678
"GET /static/css/blog.css HTTP/1.1" 304 0
"GET / HTTP/1.1" 200 678
"GET /static/css/blog.css HTTP/1.1" 200 719
"GET / HTTP/1.1" 200 678
"GET /static/css/blog.css HTTP/1.1" 304 0
"GET / HTTP/1.1" 200 678
"GET /static/css/blog.css HTTP/1.1" 304 0
"GET / HTTP/1.1" 200 680
"GET /static/css/blog.css HTTP/1.1" 304 0
"GET / HTTP/1.1" 200 680
"GET / HTTP/1.1" 200 680
"GET / HTTP/1.1" 200 680
"GET /static/css/blog.css HTTP/1.1" 200 756
"GET / HTTP/1.1" 200 680
"GET /static/css/blog.css HTTP/1.1" 304 0
"GET / HTTP/1.1" 200 680
"GET /static/css/blog.css HTTP/1.1" 304 0
"GET / HTTP/1.1" 200 680
"GET /static/css/blog.css HTTP/1.1" 304 0
"GET / HTTP/1.1" 200 680
"GET /static/css/blog.css HTTP/1.1" 304 0
"GET / HTTP/1.1" 200 680
"GET /static/css/blog.css HTTP/1.1" 304 0
"GET / HTTP/1.1" 200 680
"GET /static/css/blog.css HTTP/1.1" 200 743
"GET / HTTP/1.1" 200 680
"GET /static/css/blog.css HTTP/1.1" 304 0
"GET / HTTP/1.1" 200 680
"GET /static/css/blog.css HTTP/1.1" 304 0
"GET / HTTP/1.1" 200 680
"GET /static/css/blog.css HTTP/1.1" 304 0
"GET / HTTP/1.1" 200 680
"GET /static/css/blog.css HTTP/1.1" 200 739
"GET / HTTP/1.1" 200 680
"GET /static/css/blog.css HTTP/1.1" 304 0
"GET / HTTP/1.1" 200 680
"GET /static/css/blog.css HTTP/1.1" 304 0
"GET / HTTP/1.1" 200 680
"GET /static/css/blog.css HTTP/1.1" 304 0
"GET / HTTP/1.1" 200 680
"GET /static/css/blog.css HTTP/1.1" 304 0
"GET / HTTP/1.1" 200 680
"GET /static/css/blog.css HTTP/1.1" 304 0
"GET / HTTP/1.1" 200 680
"GET /static/css/blog.css HTTP/1.1" 304 0
"GET / HTTP/1.1" 200 680
"GET /static/css/blog.css HTTP/1.1" 304 0
"GET / HTTP/1.1" 200 680
"GET / HTTP/1.1" 200 680
"GET / HTTP/1.1" 200 680
"GET / HTTP/1.1" 200 680
"GET / HTTP/1.1" 200 680
"GET / HTTP/1.1" 200 680
"GET / HTTP/1.1" 200 897
"GET /static/css/blog_tmp.css HTTP/1.1" 200 3411
"GET / HTTP/1.1" 200 3497
"GET /static/css/blog_tmp.css HTTP/1.1" 304 0
"GET / HTTP/1.1" 200 3497
"GET /static/css/blog_tmp.css HTTP/1.1" 304 0
"GET / HTTP/1.1" 200 3497
"GET / HTTP/1.1" 200 3607
"GET / HTTP/1.1" 200 3607
"GET / HTTP/1.1" 200 3607
"GET / HTTP/1.1" 200 3607
"GET /static/css/blog_tmp.css HTTP/1.1" 200 0
"GET / HTTP/1.1" 200 3607
"GET /static/css/blog_tmp.css HTTP/1.1" 304 0
"GET / HTTP/1.1" 200 3607
"GET /static/css/blog_tmp.css HTTP/1.1" 304 0
"GET / HTTP/1.1" 200 3607
"GET /static/css/blog_tmp.css HTTP/1.1" 200 3411
"GET / HTTP/1.1" 200 3607
